Using pre-set license
Built from '2020.3/staging' branch; Version is '2020.3.0f1 (c7b5465681fb) revision 13088070'; Using compiler version '192528614'; Build Type 'Release'
OS: 'Windows 10 Home; OS build 19041.867; Version 2004; 64bit' Language: 'en' Physical Memory: 7541 MB
BatchMode: 1, IsHumanControllingUs: 0, StartBugReporterOnCrash: 0, Is64bit: 1, IsPro: 0

 COMMAND LINE ARGUMENTS:
C:\Program Files\Unity\Hub\Editor\2020.3.0f1\Editor\Unity.exe
-adb2
-batchMode
-noUpm
-name
AssetImportWorker0
-projectPath
C:/Users/Admin/Downloads/Mission Demolition
-logFile
Logs/AssetImportWorker0.log
-srvPort
54450
Successfully changed project path to: C:/Users/Admin/Downloads/Mission Demolition
C:/Users/Admin/Downloads/Mission Demolition
Using Asset Import Pipeline V2.
Refreshing native plugins compatible for Editor in 22.84 ms, found 0 plugins.
Preloading 0 native plugins for Editor in 0.00 ms.
Initialize engine version: 2020.3.0f1 (c7b5465681fb)
[Subsystems] Discovering subsystems at path C:/Program Files/Unity/Hub/Editor/2020.3.0f1/Editor/Data/Resources/UnitySubsystems
[Subsystems] Discovering subsystems at path C:/Users/Admin/Downloads/Mission Demolition/Assets
GfxDevice: creating device client; threaded=0
Direct3D:
    Version:  Direct3D 11.0 [level 11.1]
    Renderer: NVIDIA GeForce GTX 1650 (ID=0x1f99)
    Vendor:   
    VRAM:     3962 MB
    Driver:   27.21.14.6089
Initialize mono
Mono path[0] = 'C:/Program Files/Unity/Hub/Editor/2020.3.0f1/Editor/Data/Managed'
Mono path[1] = 'C:/Program Files/Unity/Hub/Editor/2020.3.0f1/Editor/Data/MonoBleedingEdge/lib/mono/unityjit'
Mono config path = 'C:/Program Files/Unity/Hub/Editor/2020.3.0f1/Editor/Data/MonoBleedingEdge/etc'
Using monoOptions --debugger-agent=transport=dt_socket,embedding=1,server=y,suspend=n,address=127.0.0.1:56204
Begin MonoManager ReloadAssembly
Registering precompiled unity dll's ...
Register platform support module: C:/Program Files/Unity/Hub/Editor/2020.3.0f1/Editor/Data/PlaybackEngines/WindowsStandaloneSupport/UnityEditor.WindowsStandalone.Extensions.dll
Registered in 0.002078 seconds.
Native extension for WindowsStandalone target not found
Refreshing native plugins compatible for Editor in 21.19 ms, found 0 plugins.
Preloading 0 native plugins for Editor in 0.00 ms.
Invoked RoslynAnalysisRunner static constructor.
RoslynAnalysisRunner will not be running.
RoslynAnalysisRunner has terminated.
Mono: successfully reloaded assembly
- Completed reload, in  1.090 seconds
Platform modules already initialized, skipping
Registering precompiled user dll's ...
Registered in 0.000830 seconds.
Begin MonoManager ReloadAssembly
Native extension for WindowsStandalone target not found
Refreshing native plugins compatible for Editor in 0.24 ms, found 0 plugins.
Preloading 0 native plugins for Editor in 0.00 ms.
Invoked RoslynAnalysisRunner static constructor.
RoslynAnalysisRunner will not be running.
RoslynAnalysisRunner has terminated.
Mono: successfully reloaded assembly
- Completed reload, in  0.746 seconds
Platform modules already initialized, skipping
========================================================================
Worker process is ready to serve import requests
Launched and connected shader compiler UnityShaderCompiler.exe after 0.04 seconds
Refreshing native plugins compatible for Editor in 0.20 ms, found 0 plugins.
Preloading 0 native plugins for Editor in 0.00 ms.
Unloading 1121 Unused Serialized files (Serialized files now loaded: 0)
System memory in use before: 57.8 MB.
System memory in use after: 57.9 MB.

Unloading 10 unused Assets to reduce memory usage. Loaded Objects now: 1568.
Total: 1.993400 ms (FindLiveObjects: 0.197600 ms CreateObjectMapping: 0.053500 ms MarkObjects: 1.640500 ms  DeleteObjects: 0.099200 ms)

========================================================================
Received Import Request.
  path: Assets/_Scripts/MissionDemolition.cs
  artifactKey: Guid(287bd5d79dcb98e46b2696cd67893d3c) Importer(815301076,1909f56bfc062723c751e8b465ee728b)
Start importing Assets/_Scripts/MissionDemolition.cs using Guid(287bd5d79dcb98e46b2696cd67893d3c) Importer(815301076,1909f56bfc062723c751e8b465ee728b)  -> (artifact id: '616ae10f077e59e48bd1bf88db6b06df') in 0.032287 seconds
  Import took 0.034238 seconds .

========================================================================
Received Prepare
Registering precompiled user dll's ...
Registered in 0.000677 seconds.
Begin MonoManager ReloadAssembly
Native extension for WindowsStandalone target not found
Refreshing native plugins compatible for Editor in 0.21 ms, found 0 plugins.
Preloading 0 native plugins for Editor in 0.00 ms.
Invoked RoslynAnalysisRunner static constructor.
RoslynAnalysisRunner will not be running.
RoslynAnalysisRunner has terminated.
Mono: successfully reloaded assembly
- Completed reload, in  0.689 seconds
Platform modules already initialized, skipping
Refreshing native plugins compatible for Editor in 0.20 ms, found 0 plugins.
Preloading 0 native plugins for Editor in 0.00 ms.
Unloading 1116 Unused Serialized files (Serialized files now loaded: 0)
System memory in use before: 57.8 MB.
System memory in use after: 57.9 MB.

Unloading 5 unused Assets to reduce memory usage. Loaded Objects now: 1571.
Total: 1.601800 ms (FindLiveObjects: 0.196300 ms CreateObjectMapping: 0.052100 ms MarkObjects: 1.284400 ms  DeleteObjects: 0.067500 ms)

========================================================================
Received Import Request.
  Time since last request: 5084.747932 seconds.
  path: Assets/_Scripts/MissionDemolition.cs
  artifactKey: Guid(287bd5d79dcb98e46b2696cd67893d3c) Importer(815301076,1909f56bfc062723c751e8b465ee728b)
Start importing Assets/_Scripts/MissionDemolition.cs using Guid(287bd5d79dcb98e46b2696cd67893d3c) Importer(815301076,1909f56bfc062723c751e8b465ee728b)  -> (artifact id: 'dea964997bddfb2f1a8e41418f5db460') in 0.005373 seconds
  Import took 0.008273 seconds .

========================================================================
Received Import Request.
  Time since last request: 0.024698 seconds.
  path: Assets/_Scripts/MissionDemolition.cs
  artifactKey: Guid(287bd5d79dcb98e46b2696cd67893d3c) Importer(815301076,1909f56bfc062723c751e8b465ee728b)
Start importing Assets/_Scripts/MissionDemolition.cs using Guid(287bd5d79dcb98e46b2696cd67893d3c) Importer(815301076,1909f56bfc062723c751e8b465ee728b)  -> (artifact id: 'dea964997bddfb2f1a8e41418f5db460') in 0.003318 seconds
  Import took 0.005823 seconds .

========================================================================
Received Prepare
Registering precompiled user dll's ...
Registered in 0.001424 seconds.
Begin MonoManager ReloadAssembly
Native extension for WindowsStandalone target not found
Refreshing native plugins compatible for Editor in 0.21 ms, found 0 plugins.
Preloading 0 native plugins for Editor in 0.00 ms.
Invoked RoslynAnalysisRunner static constructor.
RoslynAnalysisRunner will not be running.
RoslynAnalysisRunner has terminated.
Mono: successfully reloaded assembly
- Completed reload, in  0.729 seconds
Platform modules already initialized, skipping
Refreshing native plugins compatible for Editor in 0.20 ms, found 0 plugins.
Preloading 0 native plugins for Editor in 0.00 ms.
Unloading 1116 Unused Serialized files (Serialized files now loaded: 0)
System memory in use before: 57.8 MB.
System memory in use after: 57.9 MB.

Unloading 5 unused Assets to reduce memory usage. Loaded Objects now: 1574.
Total: 1.628900 ms (FindLiveObjects: 0.138500 ms CreateObjectMapping: 0.029600 ms MarkObjects: 1.381900 ms  DeleteObjects: 0.077200 ms)

========================================================================
Received Import Request.
  Time since last request: 714.025438 seconds.
  path: Assets/_Scripts/MissionDemolition.cs
  artifactKey: Guid(287bd5d79dcb98e46b2696cd67893d3c) Importer(815301076,1909f56bfc062723c751e8b465ee728b)
Start importing Assets/_Scripts/MissionDemolition.cs using Guid(287bd5d79dcb98e46b2696cd67893d3c) Importer(815301076,1909f56bfc062723c751e8b465ee728b)  -> (artifact id: '0925a44f673d8e5a42843e6c37d76792') in 0.008155 seconds
  Import took 0.011259 seconds .

========================================================================
Received Prepare
Registering precompiled user dll's ...
Registered in 0.000709 seconds.
Begin MonoManager ReloadAssembly
Native extension for WindowsStandalone target not found
Refreshing native plugins compatible for Editor in 0.21 ms, found 0 plugins.
Preloading 0 native plugins for Editor in 0.00 ms.
Invoked RoslynAnalysisRunner static constructor.
RoslynAnalysisRunner will not be running.
RoslynAnalysisRunner has terminated.
Mono: successfully reloaded assembly
- Completed reload, in  0.686 seconds
Platform modules already initialized, skipping
Refreshing native plugins compatible for Editor in 0.22 ms, found 0 plugins.
Preloading 0 native plugins for Editor in 0.00 ms.
Unloading 1116 Unused Serialized files (Serialized files now loaded: 0)
System memory in use before: 57.8 MB.
System memory in use after: 57.9 MB.

Unloading 5 unused Assets to reduce memory usage. Loaded Objects now: 1577.
Total: 1.999300 ms (FindLiveObjects: 0.258800 ms CreateObjectMapping: 0.071400 ms MarkObjects: 1.584000 ms  DeleteObjects: 0.083100 ms)

========================================================================
Received Import Request.
  Time since last request: 577.218097 seconds.
  path: Assets/_Scripts/MissionDemolition.cs
  artifactKey: Guid(287bd5d79dcb98e46b2696cd67893d3c) Importer(815301076,1909f56bfc062723c751e8b465ee728b)
Start importing Assets/_Scripts/MissionDemolition.cs using Guid(287bd5d79dcb98e46b2696cd67893d3c) Importer(815301076,1909f56bfc062723c751e8b465ee728b)  -> (artifact id: 'd4a94ceb7bbff8671c13809193717d77') in 0.004798 seconds
  Import took 0.035687 seconds .

========================================================================
Received Import Request.
  Time since last request: 0.520648 seconds.
  path: Assets/_Scripts/ProjectileLine.cs
  artifactKey: Guid(40fea6dfe61dc7d4a8417678e70f889e) Importer(815301076,1909f56bfc062723c751e8b465ee728b)
Start importing Assets/_Scripts/ProjectileLine.cs using Guid(40fea6dfe61dc7d4a8417678e70f889e) Importer(815301076,1909f56bfc062723c751e8b465ee728b)  -> (artifact id: '6896c3565df72a2c162b1668beac6da8') in 0.033423 seconds
  Import took 0.036202 seconds .

========================================================================
Received Import Request.
  Time since last request: 1.205785 seconds.
  path: Assets/_Scripts/Slingshot.cs
  artifactKey: Guid(2c60bd57dfc12b2488df325bae19b223) Importer(815301076,1909f56bfc062723c751e8b465ee728b)
Start importing Assets/_Scripts/Slingshot.cs using Guid(2c60bd57dfc12b2488df325bae19b223) Importer(815301076,1909f56bfc062723c751e8b465ee728b)  -> (artifact id: '5721124c7139684677ae4a9b5226a8ec') in 0.006811 seconds
  Import took 0.041454 seconds .

========================================================================
Received Prepare
Registering precompiled user dll's ...
Registered in 0.000921 seconds.
Begin MonoManager ReloadAssembly
Native extension for WindowsStandalone target not found
Refreshing native plugins compatible for Editor in 0.28 ms, found 0 plugins.
Preloading 0 native plugins for Editor in 0.00 ms.
Invoked RoslynAnalysisRunner static constructor.
RoslynAnalysisRunner will not be running.
RoslynAnalysisRunner has terminated.
Mono: successfully reloaded assembly
- Completed reload, in  0.899 seconds
Platform modules already initialized, skipping
Refreshing native plugins compatible for Editor in 0.22 ms, found 0 plugins.
Preloading 0 native plugins for Editor in 0.00 ms.
Unloading 1116 Unused Serialized files (Serialized files now loaded: 0)
System memory in use before: 57.8 MB.
System memory in use after: 57.9 MB.

Unloading 5 unused Assets to reduce memory usage. Loaded Objects now: 1580.
Total: 1.653200 ms (FindLiveObjects: 0.152400 ms CreateObjectMapping: 0.029100 ms MarkObjects: 1.377900 ms  DeleteObjects: 0.092500 ms)

========================================================================
Received Prepare
Registering precompiled user dll's ...
Registered in 0.000959 seconds.
Begin MonoManager ReloadAssembly
Native extension for WindowsStandalone target not found
Refreshing native plugins compatible for Editor in 0.21 ms, found 0 plugins.
Preloading 0 native plugins for Editor in 0.00 ms.
Invoked RoslynAnalysisRunner static constructor.
RoslynAnalysisRunner will not be running.
RoslynAnalysisRunner has terminated.
Mono: successfully reloaded assembly
- Completed reload, in  0.686 seconds
Platform modules already initialized, skipping
Refreshing native plugins compatible for Editor in 0.22 ms, found 0 plugins.
Preloading 0 native plugins for Editor in 0.00 ms.
Unloading 1116 Unused Serialized files (Serialized files now loaded: 0)
System memory in use before: 57.8 MB.
System memory in use after: 57.9 MB.

Unloading 5 unused Assets to reduce memory usage. Loaded Objects now: 1583.
Total: 2.452000 ms (FindLiveObjects: 0.325300 ms CreateObjectMapping: 0.079400 ms MarkObjects: 1.962400 ms  DeleteObjects: 0.082300 ms)

========================================================================
Received Import Request.
  Time since last request: 267.340638 seconds.
  path: Assets/_Prefabs/Castle 1.prefab
  artifactKey: Guid(576597ec551aabb4d962fa7706287080) Importer(815301076,1909f56bfc062723c751e8b465ee728b)
Start importing Assets/_Prefabs/Castle 1.prefab using Guid(576597ec551aabb4d962fa7706287080) Importer(815301076,1909f56bfc062723c751e8b465ee728b)  -> (artifact id: 'f77a00a16ed206655c013ed9204ed8b6') in 0.116987 seconds
  Import took 0.120387 seconds .

========================================================================
Received Import Request.
  Time since last request: 0.000333 seconds.
  path: Assets/_Prefabs/Castle 2.prefab
  artifactKey: Guid(f8b6388aed21fd84e99127c02756e181) Importer(815301076,1909f56bfc062723c751e8b465ee728b)
Start importing Assets/_Prefabs/Castle 2.prefab using Guid(f8b6388aed21fd84e99127c02756e181) Importer(815301076,1909f56bfc062723c751e8b465ee728b)  -> (artifact id: '1562cd8f96a9b5e5addf37993e0cb022') in 0.020761 seconds
  Import took 0.023867 seconds .

========================================================================
Received Import Request.
  Time since last request: 0.000261 seconds.
  path: Assets/_Prefabs/Goal.prefab
  artifactKey: Guid(fcb3ba78a8bd4a24083d2d5a89741c87) Importer(815301076,1909f56bfc062723c751e8b465ee728b)
Start importing Assets/_Prefabs/Goal.prefab using Guid(fcb3ba78a8bd4a24083d2d5a89741c87) Importer(815301076,1909f56bfc062723c751e8b465ee728b)  -> (artifact id: '5d2fe79537d3467723f8c6b54dc41521') in 0.016783 seconds
  Import took 0.019626 seconds .

========================================================================
Received Import Request.
  Time since last request: 0.000312 seconds.
  path: Assets/_Prefabs/Castle.prefab
  artifactKey: Guid(a15927c9ef8f8184d8da463d3d3a91af) Importer(815301076,1909f56bfc062723c751e8b465ee728b)
Start importing Assets/_Prefabs/Castle.prefab using Guid(a15927c9ef8f8184d8da463d3d3a91af) Importer(815301076,1909f56bfc062723c751e8b465ee728b)  -> (artifact id: '42d6e5f5eba49007271485745a21a584') in 0.019548 seconds
  Import took 0.022433 seconds .

========================================================================
Received Import Request.
  Time since last request: 23.740602 seconds.
  path: Assets/_Prefabs/Castle 2.prefab
  artifactKey: Guid(f8b6388aed21fd84e99127c02756e181) Importer(815301076,1909f56bfc062723c751e8b465ee728b)
Start importing Assets/_Prefabs/Castle 2.prefab using Guid(f8b6388aed21fd84e99127c02756e181) Importer(815301076,1909f56bfc062723c751e8b465ee728b)  -> (artifact id: '2511350ae1a1687d5c236f8684df19a6') in 0.016111 seconds
  Import took 0.019584 seconds .

========================================================================
Received Import Request.
  Time since last request: 9.931914 seconds.
  path: Assets/_Prefabs/Castle 1.prefab
  artifactKey: Guid(576597ec551aabb4d962fa7706287080) Importer(815301076,1909f56bfc062723c751e8b465ee728b)
Start importing Assets/_Prefabs/Castle 1.prefab using Guid(576597ec551aabb4d962fa7706287080) Importer(815301076,1909f56bfc062723c751e8b465ee728b)  -> (artifact id: 'c79863299bff29d24c47610f26eac752') in 0.016766 seconds
  Import took 0.019876 seconds .

========================================================================
Received Prepare
Registering precompiled user dll's ...
Registered in 0.000810 seconds.
Begin MonoManager ReloadAssembly
Native extension for WindowsStandalone target not found
Refreshing native plugins compatible for Editor in 0.21 ms, found 0 plugins.
Preloading 0 native plugins for Editor in 0.00 ms.
Invoked RoslynAnalysisRunner static constructor.
RoslynAnalysisRunner will not be running.
RoslynAnalysisRunner has terminated.
Mono: successfully reloaded assembly
- Completed reload, in  0.693 seconds
Platform modules already initialized, skipping
Refreshing native plugins compatible for Editor in 0.20 ms, found 0 plugins.
Preloading 0 native plugins for Editor in 0.00 ms.
Unloading 1116 Unused Serialized files (Serialized files now loaded: 0)
System memory in use before: 61.0 MB.
System memory in use after: 61.1 MB.

Unloading 5 unused Assets to reduce memory usage. Loaded Objects now: 1594.
Total: 2.408900 ms (FindLiveObjects: 0.325800 ms CreateObjectMapping: 0.092100 ms MarkObjects: 1.925700 ms  DeleteObjects: 0.063600 ms)

========================================================================
Received Prepare
Registering precompiled user dll's ...
Registered in 0.000859 seconds.
Begin MonoManager ReloadAssembly
Native extension for WindowsStandalone target not found
Refreshing native plugins compatible for Editor in 0.32 ms, found 0 plugins.
Preloading 0 native plugins for Editor in 0.00 ms.
Invoked RoslynAnalysisRunner static constructor.
RoslynAnalysisRunner will not be running.
RoslynAnalysisRunner has terminated.
Mono: successfully reloaded assembly
- Completed reload, in  0.796 seconds
Platform modules already initialized, skipping
Refreshing native plugins compatible for Editor in 0.24 ms, found 0 plugins.
Preloading 0 native plugins for Editor in 0.00 ms.
Unloading 1116 Unused Serialized files (Serialized files now loaded: 0)
System memory in use before: 61.0 MB.
System memory in use after: 61.1 MB.

Unloading 5 unused Assets to reduce memory usage. Loaded Objects now: 1597.
Total: 1.733900 ms (FindLiveObjects: 0.151100 ms CreateObjectMapping: 0.029700 ms MarkObjects: 1.490600 ms  DeleteObjects: 0.061400 ms)

========================================================================
Received Import Request.
  Time since last request: 191.736280 seconds.
  path: Assets/_Scripts/Goal.cs
  artifactKey: Guid(b331842a3c149af409d47b54de59cedf) Importer(815301076,1909f56bfc062723c751e8b465ee728b)
Start importing Assets/_Scripts/Goal.cs using Guid(b331842a3c149af409d47b54de59cedf) Importer(815301076,1909f56bfc062723c751e8b465ee728b)  -> (artifact id: 'fe5842a31e7197023968b178627fe706') in 0.037517 seconds
  Import took 0.039743 seconds .

AssetImportWorkerClient::OnTransportError - code=2 error=End of file
