Using pre-set license
Built from '2020.3/staging' branch; Version is '2020.3.0f1 (c7b5465681fb) revision 13088070'; Using compiler version '192528614'; Build Type 'Release'
OS: 'Windows 10 Home; OS build 19041.867; Version 2004; 64bit' Language: 'en' Physical Memory: 7541 MB
BatchMode: 1, IsHumanControllingUs: 0, StartBugReporterOnCrash: 0, Is64bit: 1, IsPro: 0

 COMMAND LINE ARGUMENTS:
C:\Program Files\Unity\Hub\Editor\2020.3.0f1\Editor\Unity.exe
-adb2
-batchMode
-noUpm
-name
AssetImportWorker0
-projectPath
C:/Users/Admin/Downloads/Apple Picker
-logFile
Logs/AssetImportWorker0.log
-srvPort
64092
Successfully changed project path to: C:/Users/Admin/Downloads/Apple Picker
C:/Users/Admin/Downloads/Apple Picker
Using Asset Import Pipeline V2.
Refreshing native plugins compatible for Editor in 21.01 ms, found 0 plugins.
Preloading 0 native plugins for Editor in 0.00 ms.
Initialize engine version: 2020.3.0f1 (c7b5465681fb)
[Subsystems] Discovering subsystems at path C:/Program Files/Unity/Hub/Editor/2020.3.0f1/Editor/Data/Resources/UnitySubsystems
[Subsystems] Discovering subsystems at path C:/Users/Admin/Downloads/Apple Picker/Assets
GfxDevice: creating device client; threaded=0
Direct3D:
    Version:  Direct3D 11.0 [level 11.1]
    Renderer: NVIDIA GeForce GTX 1650 (ID=0x1f99)
    Vendor:   
    VRAM:     3962 MB
    Driver:   27.21.14.6089
Initialize mono
Mono path[0] = 'C:/Program Files/Unity/Hub/Editor/2020.3.0f1/Editor/Data/Managed'
Mono path[1] = 'C:/Program Files/Unity/Hub/Editor/2020.3.0f1/Editor/Data/MonoBleedingEdge/lib/mono/unityjit'
Mono config path = 'C:/Program Files/Unity/Hub/Editor/2020.3.0f1/Editor/Data/MonoBleedingEdge/etc'
Using monoOptions --debugger-agent=transport=dt_socket,embedding=1,server=y,suspend=n,address=127.0.0.1:56344
Begin MonoManager ReloadAssembly
Registering precompiled unity dll's ...
Register platform support module: C:/Program Files/Unity/Hub/Editor/2020.3.0f1/Editor/Data/PlaybackEngines/WindowsStandaloneSupport/UnityEditor.WindowsStandalone.Extensions.dll
Registered in 0.001903 seconds.
Native extension for WindowsStandalone target not found
Refreshing native plugins compatible for Editor in 21.11 ms, found 0 plugins.
Preloading 0 native plugins for Editor in 0.00 ms.
Invoked RoslynAnalysisRunner static constructor.
RoslynAnalysisRunner will not be running.
RoslynAnalysisRunner has terminated.
Mono: successfully reloaded assembly
- Completed reload, in  1.054 seconds
Platform modules already initialized, skipping
Registering precompiled user dll's ...
Registered in 0.000741 seconds.
Begin MonoManager ReloadAssembly
Native extension for WindowsStandalone target not found
Refreshing native plugins compatible for Editor in 0.20 ms, found 0 plugins.
Preloading 0 native plugins for Editor in 0.00 ms.
Invoked RoslynAnalysisRunner static constructor.
RoslynAnalysisRunner will not be running.
RoslynAnalysisRunner has terminated.
Mono: successfully reloaded assembly
- Completed reload, in  0.744 seconds
Platform modules already initialized, skipping
========================================================================
Worker process is ready to serve import requests
Launched and connected shader compiler UnityShaderCompiler.exe after 0.05 seconds
Refreshing native plugins compatible for Editor in 0.20 ms, found 0 plugins.
Preloading 0 native plugins for Editor in 0.00 ms.
Unloading 1113 Unused Serialized files (Serialized files now loaded: 0)
System memory in use before: 56.9 MB.
System memory in use after: 57.0 MB.

Unloading 10 unused Assets to reduce memory usage. Loaded Objects now: 1555.
Total: 2.536600 ms (FindLiveObjects: 0.195500 ms CreateObjectMapping: 0.052500 ms MarkObjects: 2.204100 ms  DeleteObjects: 0.082700 ms)

========================================================================
Received Import Request.
  path: Assets/New Material.mat
  artifactKey: Guid(ded9d495caebee447a7e689515be0d8e) Importer(815301076,1909f56bfc062723c751e8b465ee728b)
Start importing Assets/New Material.mat using Guid(ded9d495caebee447a7e689515be0d8e) Importer(815301076,1909f56bfc062723c751e8b465ee728b)  -> (artifact id: 'aaf25b57291d0c13544932af25e64413') in 0.118300 seconds
  Import took 0.120992 seconds .

========================================================================
Received Import Request.
  Time since last request: 114.734662 seconds.
  path: Assets/Mat_Leaves.mat
  artifactKey: Guid(a3e01724d056e994db0ee737d27dd898) Importer(815301076,1909f56bfc062723c751e8b465ee728b)
Start importing Assets/Mat_Leaves.mat using Guid(a3e01724d056e994db0ee737d27dd898) Importer(815301076,1909f56bfc062723c751e8b465ee728b)  -> (artifact id: 'b38fa3e548c0278d2448978b8877af62') in 0.019838 seconds
  Import took 0.022952 seconds .

========================================================================
Received Import Request.
  Time since last request: 72.759964 seconds.
  path: Assets/AppleTree.prefab
  artifactKey: Guid(e1ded76e4debe2041a6723f967252c36) Importer(815301076,1909f56bfc062723c751e8b465ee728b)
Start importing Assets/AppleTree.prefab using Guid(e1ded76e4debe2041a6723f967252c36) Importer(815301076,1909f56bfc062723c751e8b465ee728b)  -> (artifact id: '11c131af1ac93880e5723b29a75977c7') in 0.036801 seconds
  Import took 0.039628 seconds .

========================================================================
Received Import Request.
  Time since last request: 0.006010 seconds.
  path: Assets/AppleTree.prefab
  artifactKey: Guid(e1ded76e4debe2041a6723f967252c36) Importer(815301076,1909f56bfc062723c751e8b465ee728b)
Start importing Assets/AppleTree.prefab using Guid(e1ded76e4debe2041a6723f967252c36) Importer(815301076,1909f56bfc062723c751e8b465ee728b)  -> (artifact id: '11c131af1ac93880e5723b29a75977c7') in 0.009730 seconds
  Import took 0.012247 seconds .

========================================================================
Received Import Request.
  Time since last request: 248.662679 seconds.
  path: Assets/Mat_Apple.mat
  artifactKey: Guid(24572c9be2511e247b1b6e54add98a93) Importer(815301076,1909f56bfc062723c751e8b465ee728b)
Start importing Assets/Mat_Apple.mat using Guid(24572c9be2511e247b1b6e54add98a93) Importer(815301076,1909f56bfc062723c751e8b465ee728b)  -> (artifact id: '316a485fcaada5b55d99100558d1064f') in 0.018881 seconds
  Import took 0.022144 seconds .

========================================================================
Received Import Request.
  Time since last request: 61.393368 seconds.
  path: ProjectSettings/TagManager.asset
  artifactKey: Guid(00000000000000003000000000000000) Importer(815301076,1909f56bfc062723c751e8b465ee728b)
Start importing ProjectSettings/TagManager.asset using Guid(00000000000000003000000000000000) Importer(815301076,1909f56bfc062723c751e8b465ee728b)  -> (artifact id: 'e58c32c74971579209c983feef23e212') in 0.010375 seconds
  Import took 0.012653 seconds .

========================================================================
Received Import Request.
  Time since last request: 25.958951 seconds.
  path: Assets/Apple.prefab
  artifactKey: Guid(278d923afe97c0941ac49d6fe48d5dfb) Importer(815301076,1909f56bfc062723c751e8b465ee728b)
Start importing Assets/Apple.prefab using Guid(278d923afe97c0941ac49d6fe48d5dfb) Importer(815301076,1909f56bfc062723c751e8b465ee728b)  -> (artifact id: '65aad941a3ec6030c568e3785847f98a') in 0.017792 seconds
  Import took 0.020377 seconds .

========================================================================
Received Import Request.
  Time since last request: 0.015146 seconds.
  path: Assets/Apple.prefab
  artifactKey: Guid(278d923afe97c0941ac49d6fe48d5dfb) Importer(815301076,1909f56bfc062723c751e8b465ee728b)
Start importing Assets/Apple.prefab using Guid(278d923afe97c0941ac49d6fe48d5dfb) Importer(815301076,1909f56bfc062723c751e8b465ee728b)  -> (artifact id: '65aad941a3ec6030c568e3785847f98a') in 0.009155 seconds
  Import took 0.011343 seconds .

========================================================================
Received Import Request.
  Time since last request: 62.707018 seconds.
  path: Assets
  artifactKey: Guid(00000000000000001000000000000000) Importer(815301076,1909f56bfc062723c751e8b465ee728b)
Start importing Assets using Guid(00000000000000001000000000000000) Importer(815301076,1909f56bfc062723c751e8b465ee728b)  -> (artifact id: '42baae205c97e3337697759514652acd') in 0.007799 seconds
  Import took 0.010493 seconds .

========================================================================
Received Import Request.
  Time since last request: 10.080367 seconds.
  path: Assets/Mat_Basket.mat
  artifactKey: Guid(1ab83569068d0964b81c55e36cadbc8a) Importer(815301076,1909f56bfc062723c751e8b465ee728b)
Start importing Assets/Mat_Basket.mat using Guid(1ab83569068d0964b81c55e36cadbc8a) Importer(815301076,1909f56bfc062723c751e8b465ee728b)  -> (artifact id: '21d8815fe56756600cbff921808c2421') in 0.018543 seconds
  Import took 0.021856 seconds .

========================================================================
Received Import Request.
  Time since last request: 66.184748 seconds.
  path: Assets/Basket.prefab
  artifactKey: Guid(3c2f339c20dcad242a8bce94f576b4c2) Importer(815301076,1909f56bfc062723c751e8b465ee728b)
Start importing Assets/Basket.prefab using Guid(3c2f339c20dcad242a8bce94f576b4c2) Importer(815301076,1909f56bfc062723c751e8b465ee728b)  -> (artifact id: '1097187ab74bf143a22c5f130b221a7d') in 0.020941 seconds
  Import took 0.023209 seconds .

========================================================================
Received Import Request.
  Time since last request: 0.025840 seconds.
  path: Assets/Basket.prefab
  artifactKey: Guid(3c2f339c20dcad242a8bce94f576b4c2) Importer(815301076,1909f56bfc062723c751e8b465ee728b)
Start importing Assets/Basket.prefab using Guid(3c2f339c20dcad242a8bce94f576b4c2) Importer(815301076,1909f56bfc062723c751e8b465ee728b)  -> (artifact id: '1097187ab74bf143a22c5f130b221a7d') in 0.009111 seconds
  Import took 0.011662 seconds .

========================================================================
Received Import Request.
  Time since last request: 7.701876 seconds.
  path: Assets/Mat_Apple.mat
  artifactKey: Guid(24572c9be2511e247b1b6e54add98a93) Importer(815301076,1909f56bfc062723c751e8b465ee728b)
Start importing Assets/Mat_Apple.mat using Guid(24572c9be2511e247b1b6e54add98a93) Importer(815301076,1909f56bfc062723c751e8b465ee728b)  -> (artifact id: '0e6ec413faf601ba8933c77b745039fb') in 0.018390 seconds
  Import took 0.020968 seconds .

========================================================================
Received Import Request.
  Time since last request: 0.000287 seconds.
  path: Assets/Mat_Leaves.mat
  artifactKey: Guid(a3e01724d056e994db0ee737d27dd898) Importer(815301076,1909f56bfc062723c751e8b465ee728b)
Start importing Assets/Mat_Leaves.mat using Guid(a3e01724d056e994db0ee737d27dd898) Importer(815301076,1909f56bfc062723c751e8b465ee728b)  -> (artifact id: 'f9c17ab9bf22ff9c33e4b59877942047') in 0.015213 seconds
  Import took 0.018240 seconds .

========================================================================
Received Import Request.
  Time since last request: 0.000263 seconds.
  path: Assets/Mat_Wood.mat
  artifactKey: Guid(ded9d495caebee447a7e689515be0d8e) Importer(815301076,1909f56bfc062723c751e8b465ee728b)
Start importing Assets/Mat_Wood.mat using Guid(ded9d495caebee447a7e689515be0d8e) Importer(815301076,1909f56bfc062723c751e8b465ee728b)  -> (artifact id: 'c6d3dbfc366fbe992ef4d4ab991b00d2') in 0.024609 seconds
  Import took 0.026840 seconds .

========================================================================
Received Import Request.
  Time since last request: 0.000219 seconds.
  path: Assets/Mat_Basket.mat
  artifactKey: Guid(1ab83569068d0964b81c55e36cadbc8a) Importer(815301076,1909f56bfc062723c751e8b465ee728b)
Start importing Assets/Mat_Basket.mat using Guid(1ab83569068d0964b81c55e36cadbc8a) Importer(815301076,1909f56bfc062723c751e8b465ee728b)  -> (artifact id: 'ad0df89489bbf1e3ffad67d2587f2c22') in 0.025927 seconds
  Import took 0.027780 seconds .

========================================================================
Received Import Request.
  Time since last request: 560.228719 seconds.
  path: Assets/AppleTree.cs
  artifactKey: Guid(ed5a501a9fc1377448745b00fad4bb3c) Importer(815301076,1909f56bfc062723c751e8b465ee728b)
Start importing Assets/AppleTree.cs using Guid(ed5a501a9fc1377448745b00fad4bb3c) Importer(815301076,1909f56bfc062723c751e8b465ee728b)  -> (artifact id: '438387df67469a16a55c3136ed52515f') in 0.005365 seconds
  Import took 0.007572 seconds .

========================================================================
Received Prepare
Registering precompiled user dll's ...
Registered in 0.000735 seconds.
Begin MonoManager ReloadAssembly
Native extension for WindowsStandalone target not found
Refreshing native plugins compatible for Editor in 0.21 ms, found 0 plugins.
Preloading 0 native plugins for Editor in 0.00 ms.
Invoked RoslynAnalysisRunner static constructor.
RoslynAnalysisRunner will not be running.
RoslynAnalysisRunner has terminated.
Mono: successfully reloaded assembly
- Completed reload, in  0.707 seconds
Platform modules already initialized, skipping
Refreshing native plugins compatible for Editor in 0.33 ms, found 0 plugins.
Preloading 0 native plugins for Editor in 0.00 ms.
Unloading 1109 Unused Serialized files (Serialized files now loaded: 0)
System memory in use before: 60.3 MB.
System memory in use after: 60.4 MB.

Unloading 6 unused Assets to reduce memory usage. Loaded Objects now: 1602.
Total: 2.138200 ms (FindLiveObjects: 0.208700 ms CreateObjectMapping: 0.036900 ms MarkObjects: 1.828500 ms  DeleteObjects: 0.062600 ms)

========================================================================
Received Prepare
Registering precompiled user dll's ...
Registered in 0.000739 seconds.
Begin MonoManager ReloadAssembly
Native extension for WindowsStandalone target not found
Refreshing native plugins compatible for Editor in 0.20 ms, found 0 plugins.
Preloading 0 native plugins for Editor in 0.00 ms.
Invoked RoslynAnalysisRunner static constructor.
RoslynAnalysisRunner will not be running.
RoslynAnalysisRunner has terminated.
Mono: successfully reloaded assembly
- Completed reload, in  0.721 seconds
Platform modules already initialized, skipping
Refreshing native plugins compatible for Editor in 0.20 ms, found 0 plugins.
Preloading 0 native plugins for Editor in 0.00 ms.
Unloading 1109 Unused Serialized files (Serialized files now loaded: 0)
System memory in use before: 60.3 MB.
System memory in use after: 60.4 MB.

Unloading 5 unused Assets to reduce memory usage. Loaded Objects now: 1605.
Total: 1.978900 ms (FindLiveObjects: 0.327600 ms CreateObjectMapping: 0.063600 ms MarkObjects: 1.530900 ms  DeleteObjects: 0.054700 ms)

========================================================================
Received Import Request.
  Time since last request: 296.527428 seconds.
  path: Assets/AppleTree.cs
  artifactKey: Guid(ed5a501a9fc1377448745b00fad4bb3c) Importer(815301076,1909f56bfc062723c751e8b465ee728b)
Start importing Assets/AppleTree.cs using Guid(ed5a501a9fc1377448745b00fad4bb3c) Importer(815301076,1909f56bfc062723c751e8b465ee728b)  -> (artifact id: '0a267b75bdd271ac07167f15d767190c') in 0.005546 seconds
  Import took 0.008432 seconds .

========================================================================
Received Import Request.
  Time since last request: 4.449051 seconds.
  path: Assets/AppleTree.prefab
  artifactKey: Guid(e1ded76e4debe2041a6723f967252c36) Importer(815301076,1909f56bfc062723c751e8b465ee728b)
Start importing Assets/AppleTree.prefab using Guid(e1ded76e4debe2041a6723f967252c36) Importer(815301076,1909f56bfc062723c751e8b465ee728b)  -> (artifact id: '2339e8939d02dcc84d59c602e892b246') in 0.056073 seconds
  Import took 0.058632 seconds .

========================================================================
Received Import Request.
  Time since last request: 168.143812 seconds.
  path: Assets/AppleTree.prefab
  artifactKey: Guid(e1ded76e4debe2041a6723f967252c36) Importer(815301076,1909f56bfc062723c751e8b465ee728b)
Start importing Assets/AppleTree.prefab using Guid(e1ded76e4debe2041a6723f967252c36) Importer(815301076,1909f56bfc062723c751e8b465ee728b)  -> (artifact id: '47b983bb98eb6c5d5f651fae0a5513de') in 0.011912 seconds
  Import took 0.014984 seconds .

========================================================================
Received Prepare
Registering precompiled user dll's ...
Registered in 0.000772 seconds.
Begin MonoManager ReloadAssembly
Native extension for WindowsStandalone target not found
Refreshing native plugins compatible for Editor in 0.20 ms, found 0 plugins.
Preloading 0 native plugins for Editor in 0.00 ms.
Invoked RoslynAnalysisRunner static constructor.
RoslynAnalysisRunner will not be running.
RoslynAnalysisRunner has terminated.
Mono: successfully reloaded assembly
- Completed reload, in  0.709 seconds
Platform modules already initialized, skipping
Refreshing native plugins compatible for Editor in 0.20 ms, found 0 plugins.
Preloading 0 native plugins for Editor in 0.00 ms.
Unloading 1109 Unused Serialized files (Serialized files now loaded: 0)
System memory in use before: 60.4 MB.
System memory in use after: 60.4 MB.

Unloading 5 unused Assets to reduce memory usage. Loaded Objects now: 1609.
Total: 1.792100 ms (FindLiveObjects: 0.215300 ms CreateObjectMapping: 0.056200 ms MarkObjects: 1.462800 ms  DeleteObjects: 0.055500 ms)

========================================================================
Received Import Request.
  Time since last request: 424.661358 seconds.
  path: Assets/AppleTree.cs
  artifactKey: Guid(ed5a501a9fc1377448745b00fad4bb3c) Importer(815301076,1909f56bfc062723c751e8b465ee728b)
Start importing Assets/AppleTree.cs using Guid(ed5a501a9fc1377448745b00fad4bb3c) Importer(815301076,1909f56bfc062723c751e8b465ee728b)  -> (artifact id: '838870efc818800921e06c8bc35f5ac1') in 0.007506 seconds
  Import took 0.009838 seconds .

========================================================================
Received Import Request.
  Time since last request: 0.000285 seconds.
  path: Assets/AppleTree.prefab
  artifactKey: Guid(e1ded76e4debe2041a6723f967252c36) Importer(815301076,1909f56bfc062723c751e8b465ee728b)
Start importing Assets/AppleTree.prefab using Guid(e1ded76e4debe2041a6723f967252c36) Importer(815301076,1909f56bfc062723c751e8b465ee728b)  -> (artifact id: '5e7d23113bd804b47f0d86c2cf3541f1') in 0.055635 seconds
  Import took 0.057509 seconds .

========================================================================
Received Import Request.
  Time since last request: 3.054727 seconds.
  path: ProjectSettings/TagManager.asset
  artifactKey: Guid(00000000000000003000000000000000) Importer(815301076,1909f56bfc062723c751e8b465ee728b)
Start importing ProjectSettings/TagManager.asset using Guid(00000000000000003000000000000000) Importer(815301076,1909f56bfc062723c751e8b465ee728b)  -> (artifact id: '9a43319a70f994a67dd9f5e668f9ea2e') in 0.003503 seconds
  Import took 0.024547 seconds .

========================================================================
Received Import Request.
  Time since last request: 0.006719 seconds.
  path: ProjectSettings/TagManager.asset
  artifactKey: Guid(00000000000000003000000000000000) Importer(815301076,1909f56bfc062723c751e8b465ee728b)
Start importing ProjectSettings/TagManager.asset using Guid(00000000000000003000000000000000) Importer(815301076,1909f56bfc062723c751e8b465ee728b)  -> (artifact id: '9a43319a70f994a67dd9f5e668f9ea2e') in 0.004165 seconds
  Import took 0.006580 seconds .

========================================================================
Received Import Request.
  Time since last request: 223.822455 seconds.
  path: Assets/AppleTree.prefab
  artifactKey: Guid(e1ded76e4debe2041a6723f967252c36) Importer(815301076,1909f56bfc062723c751e8b465ee728b)
Start importing Assets/AppleTree.prefab using Guid(e1ded76e4debe2041a6723f967252c36) Importer(815301076,1909f56bfc062723c751e8b465ee728b)  -> (artifact id: 'b7466601ffe678c151e4d4779ded63a4') in 0.012229 seconds
  Import took 0.014545 seconds .

========================================================================
Received Import Request.
  Time since last request: 5.856464 seconds.
  path: Assets/Apple.prefab
  artifactKey: Guid(278d923afe97c0941ac49d6fe48d5dfb) Importer(815301076,1909f56bfc062723c751e8b465ee728b)
Start importing Assets/Apple.prefab using Guid(278d923afe97c0941ac49d6fe48d5dfb) Importer(815301076,1909f56bfc062723c751e8b465ee728b)  -> (artifact id: '100c9bc71f722d70cc7d211e7e95c9e2') in 0.015047 seconds
  Import took 0.017488 seconds .

========================================================================
Received Import Request.
  Time since last request: 5.213459 seconds.
  path: Assets/Basket.prefab
  artifactKey: Guid(3c2f339c20dcad242a8bce94f576b4c2) Importer(815301076,1909f56bfc062723c751e8b465ee728b)
Start importing Assets/Basket.prefab using Guid(3c2f339c20dcad242a8bce94f576b4c2) Importer(815301076,1909f56bfc062723c751e8b465ee728b)  -> (artifact id: '0b7dbe9ee12d00f1ca7a9411a186ff71') in 0.015050 seconds
  Import took 0.017401 seconds .

========================================================================
Received Import Request.
  Time since last request: 916.217383 seconds.
  path: Assets/Apple.cs
  artifactKey: Guid(bab74a186d522d741bc1a42224228a68) Importer(815301076,1909f56bfc062723c751e8b465ee728b)
Start importing Assets/Apple.cs using Guid(bab74a186d522d741bc1a42224228a68) Importer(815301076,1909f56bfc062723c751e8b465ee728b)  -> (artifact id: '7d6cbaff1438965c76cb33bf6f2098e8') in 0.007328 seconds
  Import took 0.012729 seconds .

========================================================================
Received Prepare
Registering precompiled user dll's ...
Registered in 0.000843 seconds.
Begin MonoManager ReloadAssembly
Native extension for WindowsStandalone target not found
Refreshing native plugins compatible for Editor in 0.26 ms, found 0 plugins.
Preloading 0 native plugins for Editor in 0.00 ms.
Invoked RoslynAnalysisRunner static constructor.
RoslynAnalysisRunner will not be running.
RoslynAnalysisRunner has terminated.
Mono: successfully reloaded assembly
- Completed reload, in  0.719 seconds
Platform modules already initialized, skipping
Refreshing native plugins compatible for Editor in 0.23 ms, found 0 plugins.
Preloading 0 native plugins for Editor in 0.00 ms.
Unloading 1110 Unused Serialized files (Serialized files now loaded: 0)
System memory in use before: 60.4 MB.
System memory in use after: 60.5 MB.

Unloading 7 unused Assets to reduce memory usage. Loaded Objects now: 1614.
Total: 1.703900 ms (FindLiveObjects: 0.171400 ms CreateObjectMapping: 0.031300 ms MarkObjects: 1.436300 ms  DeleteObjects: 0.063300 ms)

========================================================================
Received Prepare
Registering precompiled user dll's ...
Registered in 0.000787 seconds.
Begin MonoManager ReloadAssembly
Native extension for WindowsStandalone target not found
Refreshing native plugins compatible for Editor in 0.20 ms, found 0 plugins.
Preloading 0 native plugins for Editor in 0.00 ms.
Invoked RoslynAnalysisRunner static constructor.
RoslynAnalysisRunner will not be running.
RoslynAnalysisRunner has terminated.
Mono: successfully reloaded assembly
- Completed reload, in  0.696 seconds
Platform modules already initialized, skipping
Refreshing native plugins compatible for Editor in 0.20 ms, found 0 plugins.
Preloading 0 native plugins for Editor in 0.00 ms.
Unloading 1110 Unused Serialized files (Serialized files now loaded: 0)
System memory in use before: 60.4 MB.
System memory in use after: 60.5 MB.

Unloading 5 unused Assets to reduce memory usage. Loaded Objects now: 1617.
Total: 2.219200 ms (FindLiveObjects: 0.258800 ms CreateObjectMapping: 0.069500 ms MarkObjects: 1.834800 ms  DeleteObjects: 0.053400 ms)

========================================================================
Received Import Request.
  Time since last request: 115.743344 seconds.
  path: Assets/Apple.cs
  artifactKey: Guid(bab74a186d522d741bc1a42224228a68) Importer(815301076,1909f56bfc062723c751e8b465ee728b)
Start importing Assets/Apple.cs using Guid(bab74a186d522d741bc1a42224228a68) Importer(815301076,1909f56bfc062723c751e8b465ee728b)  -> (artifact id: 'c44dd284624031624be798313172e8f3') in 0.009442 seconds
  Import took 0.012233 seconds .

========================================================================
Received Import Request.
  Time since last request: 4.110590 seconds.
  path: Assets/Apple.prefab
  artifactKey: Guid(278d923afe97c0941ac49d6fe48d5dfb) Importer(815301076,1909f56bfc062723c751e8b465ee728b)
Start importing Assets/Apple.prefab using Guid(278d923afe97c0941ac49d6fe48d5dfb) Importer(815301076,1909f56bfc062723c751e8b465ee728b)  -> (artifact id: '9d04be7c6359270909ee7c210bfdb13f') in 0.058144 seconds
  Import took 0.060856 seconds .

========================================================================
Received Import Request.
  Time since last request: 17.451870 seconds.
  path: Assets/ApplePicker.cs
  artifactKey: Guid(de72b78ecd3666b49bc5625942446c8a) Importer(815301076,1909f56bfc062723c751e8b465ee728b)
Start importing Assets/ApplePicker.cs using Guid(de72b78ecd3666b49bc5625942446c8a) Importer(815301076,1909f56bfc062723c751e8b465ee728b)  -> (artifact id: '58bb5c1aa0679375ae407cec3054b569') in 0.008576 seconds
  Import took 0.011969 seconds .

========================================================================
Received Prepare
Registering precompiled user dll's ...
Registered in 0.000723 seconds.
Begin MonoManager ReloadAssembly
Native extension for WindowsStandalone target not found
Refreshing native plugins compatible for Editor in 0.24 ms, found 0 plugins.
Preloading 0 native plugins for Editor in 0.00 ms.
Invoked RoslynAnalysisRunner static constructor.
RoslynAnalysisRunner will not be running.
RoslynAnalysisRunner has terminated.
Mono: successfully reloaded assembly
- Completed reload, in  0.716 seconds
Platform modules already initialized, skipping
Refreshing native plugins compatible for Editor in 0.21 ms, found 0 plugins.
Preloading 0 native plugins for Editor in 0.00 ms.
Unloading 1111 Unused Serialized files (Serialized files now loaded: 0)
System memory in use before: 60.4 MB.
System memory in use after: 60.5 MB.

Unloading 5 unused Assets to reduce memory usage. Loaded Objects now: 1622.
Total: 1.717300 ms (FindLiveObjects: 0.241300 ms CreateObjectMapping: 0.066000 ms MarkObjects: 1.355900 ms  DeleteObjects: 0.052300 ms)

========================================================================
Received Prepare
Registering precompiled user dll's ...
Registered in 0.000698 seconds.
Begin MonoManager ReloadAssembly
Native extension for WindowsStandalone target not found
Refreshing native plugins compatible for Editor in 0.21 ms, found 0 plugins.
Preloading 0 native plugins for Editor in 0.00 ms.
Invoked RoslynAnalysisRunner static constructor.
RoslynAnalysisRunner will not be running.
RoslynAnalysisRunner has terminated.
Mono: successfully reloaded assembly
- Completed reload, in  0.679 seconds
Platform modules already initialized, skipping
Refreshing native plugins compatible for Editor in 0.21 ms, found 0 plugins.
Preloading 0 native plugins for Editor in 0.00 ms.
Unloading 1111 Unused Serialized files (Serialized files now loaded: 0)
System memory in use before: 60.4 MB.
System memory in use after: 60.5 MB.

Unloading 5 unused Assets to reduce memory usage. Loaded Objects now: 1625.
Total: 2.231200 ms (FindLiveObjects: 0.177900 ms CreateObjectMapping: 0.146600 ms MarkObjects: 1.848200 ms  DeleteObjects: 0.056800 ms)

========================================================================
Received Import Request.
  Time since last request: 223.522940 seconds.
  path: Assets/ApplePicker.cs
  artifactKey: Guid(de72b78ecd3666b49bc5625942446c8a) Importer(815301076,1909f56bfc062723c751e8b465ee728b)
Start importing Assets/ApplePicker.cs using Guid(de72b78ecd3666b49bc5625942446c8a) Importer(815301076,1909f56bfc062723c751e8b465ee728b)  -> (artifact id: '9b429a79610dec4affc71decd7cb0839') in 0.005581 seconds
  Import took 0.033048 seconds .

========================================================================
Received Prepare
Registering precompiled user dll's ...
Registered in 0.000776 seconds.
Begin MonoManager ReloadAssembly
Native extension for WindowsStandalone target not found
Refreshing native plugins compatible for Editor in 0.21 ms, found 0 plugins.
Preloading 0 native plugins for Editor in 0.00 ms.
Invoked RoslynAnalysisRunner static constructor.
RoslynAnalysisRunner will not be running.
RoslynAnalysisRunner has terminated.
Mono: successfully reloaded assembly
- Completed reload, in  0.709 seconds
Platform modules already initialized, skipping
Refreshing native plugins compatible for Editor in 0.20 ms, found 0 plugins.
Preloading 0 native plugins for Editor in 0.00 ms.
Unloading 1111 Unused Serialized files (Serialized files now loaded: 0)
System memory in use before: 60.4 MB.
System memory in use after: 60.5 MB.

Unloading 5 unused Assets to reduce memory usage. Loaded Objects now: 1628.
Total: 1.759400 ms (FindLiveObjects: 0.201100 ms CreateObjectMapping: 0.051300 ms MarkObjects: 1.452600 ms  DeleteObjects: 0.053100 ms)

========================================================================
Received Import Request.
  Time since last request: 55.149566 seconds.
  path: Assets/ApplePicker.cs
  artifactKey: Guid(de72b78ecd3666b49bc5625942446c8a) Importer(815301076,1909f56bfc062723c751e8b465ee728b)
Start importing Assets/ApplePicker.cs using Guid(de72b78ecd3666b49bc5625942446c8a) Importer(815301076,1909f56bfc062723c751e8b465ee728b)  -> (artifact id: '6642342665c8420c58e58c5c61092331') in 0.006061 seconds
  Import took 0.008669 seconds .

========================================================================
Received Prepare
Registering precompiled user dll's ...
Registered in 0.000707 seconds.
Begin MonoManager ReloadAssembly
Native extension for WindowsStandalone target not found
Refreshing native plugins compatible for Editor in 0.25 ms, found 0 plugins.
Preloading 0 native plugins for Editor in 0.00 ms.
Invoked RoslynAnalysisRunner static constructor.
RoslynAnalysisRunner will not be running.
RoslynAnalysisRunner has terminated.
Mono: successfully reloaded assembly
- Completed reload, in  0.690 seconds
Platform modules already initialized, skipping
Refreshing native plugins compatible for Editor in 0.25 ms, found 0 plugins.
Preloading 0 native plugins for Editor in 0.00 ms.
Unloading 1112 Unused Serialized files (Serialized files now loaded: 0)
System memory in use before: 60.5 MB.
System memory in use after: 60.5 MB.

Unloading 5 unused Assets to reduce memory usage. Loaded Objects now: 1632.
Total: 1.830400 ms (FindLiveObjects: 0.209300 ms CreateObjectMapping: 0.053700 ms MarkObjects: 1.510400 ms  DeleteObjects: 0.055600 ms)

========================================================================
Received Import Request.
  Time since last request: 140.334847 seconds.
  path: Assets/Basket.cs
  artifactKey: Guid(009be6da5be23e64389754d7d7c68eb4) Importer(815301076,1909f56bfc062723c751e8b465ee728b)
Start importing Assets/Basket.cs using Guid(009be6da5be23e64389754d7d7c68eb4) Importer(815301076,1909f56bfc062723c751e8b465ee728b)  -> (artifact id: '79ed1415eff520cae03d36cada76a757') in 0.009719 seconds
  Import took 0.011758 seconds .

========================================================================
Received Prepare
Registering precompiled user dll's ...
Registered in 0.000765 seconds.
Begin MonoManager ReloadAssembly
Native extension for WindowsStandalone target not found
Refreshing native plugins compatible for Editor in 0.23 ms, found 0 plugins.
Preloading 0 native plugins for Editor in 0.00 ms.
Invoked RoslynAnalysisRunner static constructor.
RoslynAnalysisRunner will not be running.
RoslynAnalysisRunner has terminated.
Mono: successfully reloaded assembly
- Completed reload, in  0.701 seconds
Platform modules already initialized, skipping
Refreshing native plugins compatible for Editor in 0.22 ms, found 0 plugins.
Preloading 0 native plugins for Editor in 0.00 ms.
Unloading 1112 Unused Serialized files (Serialized files now loaded: 0)
System memory in use before: 60.5 MB.
System memory in use after: 60.6 MB.

Unloading 5 unused Assets to reduce memory usage. Loaded Objects now: 1635.
Total: 2.262300 ms (FindLiveObjects: 0.206000 ms CreateObjectMapping: 0.054100 ms MarkObjects: 1.942500 ms  DeleteObjects: 0.058100 ms)

========================================================================
Received Prepare
Registering precompiled user dll's ...
Registered in 0.000772 seconds.
Begin MonoManager ReloadAssembly
Native extension for WindowsStandalone target not found
Refreshing native plugins compatible for Editor in 0.20 ms, found 0 plugins.
Preloading 0 native plugins for Editor in 0.00 ms.
Invoked RoslynAnalysisRunner static constructor.
RoslynAnalysisRunner will not be running.
RoslynAnalysisRunner has terminated.
Mono: successfully reloaded assembly
- Completed reload, in  0.682 seconds
Platform modules already initialized, skipping
Refreshing native plugins compatible for Editor in 0.20 ms, found 0 plugins.
Preloading 0 native plugins for Editor in 0.00 ms.
Unloading 1112 Unused Serialized files (Serialized files now loaded: 0)
System memory in use before: 60.5 MB.
System memory in use after: 60.6 MB.

Unloading 5 unused Assets to reduce memory usage. Loaded Objects now: 1638.
Total: 1.866900 ms (FindLiveObjects: 0.257400 ms CreateObjectMapping: 0.068700 ms MarkObjects: 1.482700 ms  DeleteObjects: 0.056600 ms)

========================================================================
Received Import Request.
  Time since last request: 399.235592 seconds.
  path: Assets/Basket.cs
  artifactKey: Guid(009be6da5be23e64389754d7d7c68eb4) Importer(815301076,1909f56bfc062723c751e8b465ee728b)
Start importing Assets/Basket.cs using Guid(009be6da5be23e64389754d7d7c68eb4) Importer(815301076,1909f56bfc062723c751e8b465ee728b)  -> (artifact id: '9f5aa6d55f4cc7802d5ce6406bda47f2') in 0.007050 seconds
  Import took 0.038657 seconds .

========================================================================
Received Import Request.
  Time since last request: 76.542731 seconds.
  path: Assets/Basket.cs
  artifactKey: Guid(009be6da5be23e64389754d7d7c68eb4) Importer(815301076,1909f56bfc062723c751e8b465ee728b)
Start importing Assets/Basket.cs using Guid(009be6da5be23e64389754d7d7c68eb4) Importer(815301076,1909f56bfc062723c751e8b465ee728b)  -> (artifact id: '65fccb1f0fb91880e45b54d0f39be868') in 0.007219 seconds
  Import took 0.009941 seconds .

========================================================================
Received Import Request.
  Time since last request: 5.048911 seconds.
  path: Assets/Basket.prefab
  artifactKey: Guid(3c2f339c20dcad242a8bce94f576b4c2) Importer(815301076,1909f56bfc062723c751e8b465ee728b)
Start importing Assets/Basket.prefab using Guid(3c2f339c20dcad242a8bce94f576b4c2) Importer(815301076,1909f56bfc062723c751e8b465ee728b)  -> (artifact id: '06c75440f658ebcb6dfafa155267d583') in 0.060969 seconds
  Import took 0.063211 seconds .

========================================================================
Received Import Request.
  Time since last request: 8.523708 seconds.
  path: Assets/Scenes/SampleScene.unity
  artifactKey: Guid(9fc0d4010bbf28b4594072e72b8655ab) Importer(815301076,1909f56bfc062723c751e8b465ee728b)
Start importing Assets/Scenes/SampleScene.unity using Guid(9fc0d4010bbf28b4594072e72b8655ab) Importer(815301076,1909f56bfc062723c751e8b465ee728b)  -> (artifact id: 'e3af06619bc4bf45782182cd3e8415c1') in 0.009223 seconds
  Import took 0.011302 seconds .

========================================================================
Received Import Request.
  Time since last request: 2.118415 seconds.
  path: Assets/Scenes/SampleScene 1.unity
  artifactKey: Guid(924ac223508f0104d9468b05c580687f) Importer(815301076,1909f56bfc062723c751e8b465ee728b)
Start importing Assets/Scenes/SampleScene 1.unity using Guid(924ac223508f0104d9468b05c580687f) Importer(815301076,1909f56bfc062723c751e8b465ee728b)  -> (artifact id: '2dfec043b1abdb5120d883ee7256f537') in 0.009515 seconds
  Import took 0.012313 seconds .

========================================================================
Received Prepare
Registering precompiled user dll's ...
Registered in 0.000742 seconds.
Begin MonoManager ReloadAssembly
Native extension for WindowsStandalone target not found
Refreshing native plugins compatible for Editor in 0.21 ms, found 0 plugins.
Preloading 0 native plugins for Editor in 0.00 ms.
Invoked RoslynAnalysisRunner static constructor.
RoslynAnalysisRunner will not be running.
RoslynAnalysisRunner has terminated.
Mono: successfully reloaded assembly
- Completed reload, in  0.696 seconds
Platform modules already initialized, skipping
Refreshing native plugins compatible for Editor in 0.21 ms, found 0 plugins.
Preloading 0 native plugins for Editor in 0.00 ms.
Unloading 1112 Unused Serialized files (Serialized files now loaded: 0)
System memory in use before: 60.5 MB.
System memory in use after: 60.6 MB.

Unloading 5 unused Assets to reduce memory usage. Loaded Objects now: 1642.
Total: 1.799900 ms (FindLiveObjects: 0.239700 ms CreateObjectMapping: 0.069600 ms MarkObjects: 1.432300 ms  DeleteObjects: 0.056700 ms)

========================================================================
Received Import Request.
  Time since last request: 78.047421 seconds.
  path: Assets/AppleTree.prefab
  artifactKey: Guid(e1ded76e4debe2041a6723f967252c36) Importer(815301076,1909f56bfc062723c751e8b465ee728b)
Start importing Assets/AppleTree.prefab using Guid(e1ded76e4debe2041a6723f967252c36) Importer(815301076,1909f56bfc062723c751e8b465ee728b)  -> (artifact id: '1e9803cf0cb07d6e4d3e1f500cb55ced') in 0.072920 seconds
  Import took 0.076195 seconds .

========================================================================
Received Prepare
Registering precompiled user dll's ...
Registered in 0.000885 seconds.
Begin MonoManager ReloadAssembly
Native extension for WindowsStandalone target not found
Refreshing native plugins compatible for Editor in 0.20 ms, found 0 plugins.
Preloading 0 native plugins for Editor in 0.00 ms.
Invoked RoslynAnalysisRunner static constructor.
RoslynAnalysisRunner will not be running.
RoslynAnalysisRunner has terminated.
Mono: successfully reloaded assembly
- Completed reload, in  0.685 seconds
Platform modules already initialized, skipping
Refreshing native plugins compatible for Editor in 0.20 ms, found 0 plugins.
Preloading 0 native plugins for Editor in 0.00 ms.
Unloading 1112 Unused Serialized files (Serialized files now loaded: 0)
System memory in use before: 60.5 MB.
System memory in use after: 60.6 MB.

Unloading 5 unused Assets to reduce memory usage. Loaded Objects now: 1646.
Total: 1.970500 ms (FindLiveObjects: 0.265300 ms CreateObjectMapping: 0.068200 ms MarkObjects: 1.582000 ms  DeleteObjects: 0.052900 ms)

========================================================================
Received Import Request.
  Time since last request: 31.264961 seconds.
  path: Assets/AppleTree.prefab
  artifactKey: Guid(e1ded76e4debe2041a6723f967252c36) Importer(815301076,1909f56bfc062723c751e8b465ee728b)
Start importing Assets/AppleTree.prefab using Guid(e1ded76e4debe2041a6723f967252c36) Importer(815301076,1909f56bfc062723c751e8b465ee728b)  -> (artifact id: 'df2db4145b39e6ce6ff835e2bab1ea7b') in 0.057979 seconds
  Import took 0.060691 seconds .

========================================================================
Received Prepare
Registering precompiled user dll's ...
Registered in 0.000953 seconds.
Begin MonoManager ReloadAssembly
Native extension for WindowsStandalone target not found
Refreshing native plugins compatible for Editor in 0.22 ms, found 0 plugins.
Preloading 0 native plugins for Editor in 0.00 ms.
Invoked RoslynAnalysisRunner static constructor.
RoslynAnalysisRunner will not be running.
RoslynAnalysisRunner has terminated.
Mono: successfully reloaded assembly
- Completed reload, in  0.684 seconds
Platform modules already initialized, skipping
Refreshing native plugins compatible for Editor in 0.20 ms, found 0 plugins.
Preloading 0 native plugins for Editor in 0.00 ms.
Unloading 1112 Unused Serialized files (Serialized files now loaded: 0)
System memory in use before: 60.5 MB.
System memory in use after: 60.6 MB.

Unloading 5 unused Assets to reduce memory usage. Loaded Objects now: 1650.
Total: 2.763700 ms (FindLiveObjects: 0.310400 ms CreateObjectMapping: 0.069300 ms MarkObjects: 2.329400 ms  DeleteObjects: 0.053100 ms)

========================================================================
Received Import Request.
  Time since last request: 3594.462879 seconds.
  path: Assets/Basket.cs
  artifactKey: Guid(009be6da5be23e64389754d7d7c68eb4) Importer(815301076,1909f56bfc062723c751e8b465ee728b)
Start importing Assets/Basket.cs using Guid(009be6da5be23e64389754d7d7c68eb4) Importer(815301076,1909f56bfc062723c751e8b465ee728b)  -> (artifact id: '777988d6f8b30d5253f5e7d75d4dadc1') in 0.009834 seconds
  Import took 0.012631 seconds .

========================================================================
Received Prepare
Registering precompiled user dll's ...
Registered in 0.000730 seconds.
Begin MonoManager ReloadAssembly
Native extension for WindowsStandalone target not found
Refreshing native plugins compatible for Editor in 0.21 ms, found 0 plugins.
Preloading 0 native plugins for Editor in 0.00 ms.
Invoked RoslynAnalysisRunner static constructor.
RoslynAnalysisRunner will not be running.
RoslynAnalysisRunner has terminated.
Mono: successfully reloaded assembly
- Completed reload, in  0.701 seconds
Platform modules already initialized, skipping
Refreshing native plugins compatible for Editor in 0.20 ms, found 0 plugins.
Preloading 0 native plugins for Editor in 0.00 ms.
Unloading 1112 Unused Serialized files (Serialized files now loaded: 0)
System memory in use before: 60.5 MB.
System memory in use after: 60.6 MB.

Unloading 5 unused Assets to reduce memory usage. Loaded Objects now: 1653.
Total: 2.797500 ms (FindLiveObjects: 0.223100 ms CreateObjectMapping: 0.055500 ms MarkObjects: 2.458100 ms  DeleteObjects: 0.058800 ms)

========================================================================
Received Import Request.
  Time since last request: 1347.617821 seconds.
  path: Assets/Basket.cs
  artifactKey: Guid(009be6da5be23e64389754d7d7c68eb4) Importer(815301076,1909f56bfc062723c751e8b465ee728b)
Start importing Assets/Basket.cs using Guid(009be6da5be23e64389754d7d7c68eb4) Importer(815301076,1909f56bfc062723c751e8b465ee728b)  -> (artifact id: '9c5a337d866fc8009aa5be4296758571') in 0.009472 seconds
  Import took 0.011907 seconds .

========================================================================
Received Import Request.
  Time since last request: 0.000220 seconds.
  path: Assets/Basket.prefab
  artifactKey: Guid(3c2f339c20dcad242a8bce94f576b4c2) Importer(815301076,1909f56bfc062723c751e8b465ee728b)
Start importing Assets/Basket.prefab using Guid(3c2f339c20dcad242a8bce94f576b4c2) Importer(815301076,1909f56bfc062723c751e8b465ee728b)  -> (artifact id: 'd7b5fcde9977c024e452854c51299d95') in 0.057958 seconds
  Import took 0.059751 seconds .

========================================================================
Received Prepare
Registering precompiled user dll's ...
Registered in 0.000825 seconds.
Begin MonoManager ReloadAssembly
Native extension for WindowsStandalone target not found
Refreshing native plugins compatible for Editor in 0.22 ms, found 0 plugins.
Preloading 0 native plugins for Editor in 0.00 ms.
Invoked RoslynAnalysisRunner static constructor.
RoslynAnalysisRunner will not be running.
RoslynAnalysisRunner has terminated.
Mono: successfully reloaded assembly
- Completed reload, in  0.694 seconds
Platform modules already initialized, skipping
Refreshing native plugins compatible for Editor in 0.21 ms, found 0 plugins.
Preloading 0 native plugins for Editor in 0.00 ms.
Unloading 1112 Unused Serialized files (Serialized files now loaded: 0)
System memory in use before: 60.5 MB.
System memory in use after: 60.6 MB.

Unloading 5 unused Assets to reduce memory usage. Loaded Objects now: 1657.
Total: 2.515200 ms (FindLiveObjects: 0.235500 ms CreateObjectMapping: 0.067000 ms MarkObjects: 2.155900 ms  DeleteObjects: 0.054800 ms)

========================================================================
Received Import Request.
  Time since last request: 493.460933 seconds.
  path: Assets/Apple.cs
  artifactKey: Guid(bab74a186d522d741bc1a42224228a68) Importer(815301076,1909f56bfc062723c751e8b465ee728b)
Start importing Assets/Apple.cs using Guid(bab74a186d522d741bc1a42224228a68) Importer(815301076,1909f56bfc062723c751e8b465ee728b)  -> (artifact id: 'fe509e8f0f848edc5a420f172d2b706a') in 0.005454 seconds
  Import took 0.035530 seconds .

========================================================================
Received Import Request.
  Time since last request: 7.947882 seconds.
  path: Assets/HighScore.cs
  artifactKey: Guid(d827aea0c9506244689353624826d65d) Importer(815301076,1909f56bfc062723c751e8b465ee728b)
Start importing Assets/HighScore.cs using Guid(d827aea0c9506244689353624826d65d) Importer(815301076,1909f56bfc062723c751e8b465ee728b)  -> (artifact id: '07a472821ada8de139a623060a07f29d') in 0.009097 seconds
  Import took 0.011939 seconds .

========================================================================
Received Prepare
Registering precompiled user dll's ...
Registered in 0.000694 seconds.
Begin MonoManager ReloadAssembly
Native extension for WindowsStandalone target not found
Refreshing native plugins compatible for Editor in 0.22 ms, found 0 plugins.
Preloading 0 native plugins for Editor in 0.00 ms.
Invoked RoslynAnalysisRunner static constructor.
RoslynAnalysisRunner will not be running.
RoslynAnalysisRunner has terminated.
Mono: successfully reloaded assembly
- Completed reload, in  0.715 seconds
Platform modules already initialized, skipping
Refreshing native plugins compatible for Editor in 0.40 ms, found 0 plugins.
Preloading 0 native plugins for Editor in 0.00 ms.
Unloading 1113 Unused Serialized files (Serialized files now loaded: 0)
System memory in use before: 60.6 MB.
System memory in use after: 60.6 MB.

Unloading 5 unused Assets to reduce memory usage. Loaded Objects now: 1661.
Total: 2.456800 ms (FindLiveObjects: 0.606600 ms CreateObjectMapping: 0.077300 ms MarkObjects: 1.711500 ms  DeleteObjects: 0.058800 ms)

========================================================================
Received Prepare
Registering precompiled user dll's ...
Registered in 0.000989 seconds.
Begin MonoManager ReloadAssembly
Native extension for WindowsStandalone target not found
Refreshing native plugins compatible for Editor in 0.24 ms, found 0 plugins.
Preloading 0 native plugins for Editor in 0.00 ms.
Invoked RoslynAnalysisRunner static constructor.
RoslynAnalysisRunner will not be running.
RoslynAnalysisRunner has terminated.
Mono: successfully reloaded assembly
- Completed reload, in  0.725 seconds
Platform modules already initialized, skipping
Refreshing native plugins compatible for Editor in 0.20 ms, found 0 plugins.
Preloading 0 native plugins for Editor in 0.00 ms.
Unloading 1113 Unused Serialized files (Serialized files now loaded: 0)
System memory in use before: 60.6 MB.
System memory in use after: 60.6 MB.

Unloading 5 unused Assets to reduce memory usage. Loaded Objects now: 1664.
Total: 2.717000 ms (FindLiveObjects: 0.279700 ms CreateObjectMapping: 0.072800 ms MarkObjects: 2.310300 ms  DeleteObjects: 0.051900 ms)

========================================================================
Received Import Request.
  Time since last request: 86.220905 seconds.
  path: Assets/HighScore.cs
  artifactKey: Guid(d827aea0c9506244689353624826d65d) Importer(815301076,1909f56bfc062723c751e8b465ee728b)
Start importing Assets/HighScore.cs using Guid(d827aea0c9506244689353624826d65d) Importer(815301076,1909f56bfc062723c751e8b465ee728b)  -> (artifact id: 'ecd4057a70572a982fcb06e5aaef928a') in 0.007789 seconds
  Import took 0.040858 seconds .

========================================================================
Received Import Request.
  Time since last request: 2193.602868 seconds.
  path: Assets/HighScore.cs
  artifactKey: Guid(d827aea0c9506244689353624826d65d) Importer(815301076,1909f56bfc062723c751e8b465ee728b)
Start importing Assets/HighScore.cs using Guid(d827aea0c9506244689353624826d65d) Importer(815301076,1909f56bfc062723c751e8b465ee728b)  -> (artifact id: '10f1e3205c425af3e4799f8d389f9b2a') in 0.004352 seconds
  Import took 0.006544 seconds .

========================================================================
Received Import Request.
  Time since last request: 0.019931 seconds.
  path: Assets/HighScore.cs
  artifactKey: Guid(d827aea0c9506244689353624826d65d) Importer(815301076,1909f56bfc062723c751e8b465ee728b)
Start importing Assets/HighScore.cs using Guid(d827aea0c9506244689353624826d65d) Importer(815301076,1909f56bfc062723c751e8b465ee728b)  -> (artifact id: '10f1e3205c425af3e4799f8d389f9b2a') in 0.006798 seconds
  Import took 0.009497 seconds .

========================================================================
Received Prepare
Registering precompiled user dll's ...
Registered in 0.000703 seconds.
Begin MonoManager ReloadAssembly
Native extension for WindowsStandalone target not found
Refreshing native plugins compatible for Editor in 0.20 ms, found 0 plugins.
Preloading 0 native plugins for Editor in 0.00 ms.
Invoked RoslynAnalysisRunner static constructor.
RoslynAnalysisRunner will not be running.
RoslynAnalysisRunner has terminated.
Mono: successfully reloaded assembly
- Completed reload, in  0.713 seconds
Platform modules already initialized, skipping
Refreshing native plugins compatible for Editor in 0.23 ms, found 0 plugins.
Preloading 0 native plugins for Editor in 0.00 ms.
Unloading 1113 Unused Serialized files (Serialized files now loaded: 0)
System memory in use before: 60.6 MB.
System memory in use after: 60.7 MB.

Unloading 5 unused Assets to reduce memory usage. Loaded Objects now: 1667.
Total: 2.605700 ms (FindLiveObjects: 0.161700 ms CreateObjectMapping: 0.072100 ms MarkObjects: 2.311300 ms  DeleteObjects: 0.058900 ms)

========================================================================
Received Import Request.
  Time since last request: 32.245381 seconds.
  path: Assets/HighScore.cs
  artifactKey: Guid(d827aea0c9506244689353624826d65d) Importer(815301076,1909f56bfc062723c751e8b465ee728b)
Start importing Assets/HighScore.cs using Guid(d827aea0c9506244689353624826d65d) Importer(815301076,1909f56bfc062723c751e8b465ee728b)  -> (artifact id: '875de1417830d0ce6b6d8138199d6c15') in 0.007915 seconds
  Import took 0.009842 seconds .

========================================================================
Received Prepare
Registering precompiled user dll's ...
Registered in 0.000770 seconds.
Begin MonoManager ReloadAssembly
Native extension for WindowsStandalone target not found
Refreshing native plugins compatible for Editor in 0.21 ms, found 0 plugins.
Preloading 0 native plugins for Editor in 0.00 ms.
Invoked RoslynAnalysisRunner static constructor.
RoslynAnalysisRunner will not be running.
RoslynAnalysisRunner has terminated.
Mono: successfully reloaded assembly
- Completed reload, in  0.718 seconds
Platform modules already initialized, skipping
Refreshing native plugins compatible for Editor in 0.20 ms, found 0 plugins.
Preloading 0 native plugins for Editor in 0.00 ms.
Unloading 1113 Unused Serialized files (Serialized files now loaded: 0)
System memory in use before: 60.6 MB.
System memory in use after: 60.7 MB.

Unloading 5 unused Assets to reduce memory usage. Loaded Objects now: 1670.
Total: 2.144800 ms (FindLiveObjects: 0.271600 ms CreateObjectMapping: 0.100800 ms MarkObjects: 1.710300 ms  DeleteObjects: 0.059100 ms)

========================================================================
Received Prepare
Registering precompiled user dll's ...
Registered in 0.000728 seconds.
Begin MonoManager ReloadAssembly
Native extension for WindowsStandalone target not found
Refreshing native plugins compatible for Editor in 0.24 ms, found 0 plugins.
Preloading 0 native plugins for Editor in 0.00 ms.
Invoked RoslynAnalysisRunner static constructor.
RoslynAnalysisRunner will not be running.
RoslynAnalysisRunner has terminated.
Mono: successfully reloaded assembly
- Completed reload, in  0.694 seconds
Platform modules already initialized, skipping
Refreshing native plugins compatible for Editor in 0.20 ms, found 0 plugins.
Preloading 0 native plugins for Editor in 0.00 ms.
Unloading 1113 Unused Serialized files (Serialized files now loaded: 0)
System memory in use before: 60.6 MB.
System memory in use after: 60.7 MB.

Unloading 5 unused Assets to reduce memory usage. Loaded Objects now: 1673.
Total: 2.760600 ms (FindLiveObjects: 0.404700 ms CreateObjectMapping: 0.081800 ms MarkObjects: 2.220700 ms  DeleteObjects: 0.051400 ms)

AssetImportWorkerClient::OnTransportError - code=2 error=End of file
