Using pre-set license
Built from '2020.3/staging' branch; Version is '2020.3.0f1 (c7b5465681fb) revision 13088070'; Using compiler version '192528614'; Build Type 'Release'
OS: 'Windows 10 Home; OS build 19041.928; Version 2004; 64bit' Language: 'en' Physical Memory: 7541 MB
BatchMode: 1, IsHumanControllingUs: 0, StartBugReporterOnCrash: 0, Is64bit: 1, IsPro: 0

 COMMAND LINE ARGUMENTS:
C:\Program Files\Unity\Hub\Editor\2020.3.0f1\Editor\Unity.exe
-adb2
-batchMode
-noUpm
-name
AssetImportWorker0
-projectPath
C:/Users/Admin/Downloads/Space SHMUP
-logFile
Logs/AssetImportWorker0.log
-srvPort
64541
Successfully changed project path to: C:/Users/Admin/Downloads/Space SHMUP
C:/Users/Admin/Downloads/Space SHMUP
Using Asset Import Pipeline V2.
Refreshing native plugins compatible for Editor in 21.88 ms, found 0 plugins.
Preloading 0 native plugins for Editor in 0.00 ms.
Initialize engine version: 2020.3.0f1 (c7b5465681fb)
[Subsystems] Discovering subsystems at path C:/Program Files/Unity/Hub/Editor/2020.3.0f1/Editor/Data/Resources/UnitySubsystems
[Subsystems] Discovering subsystems at path C:/Users/Admin/Downloads/Space SHMUP/Assets
GfxDevice: creating device client; threaded=0
Direct3D:
    Version:  Direct3D 11.0 [level 11.1]
    Renderer: NVIDIA GeForce GTX 1650 (ID=0x1f99)
    Vendor:   
    VRAM:     3962 MB
    Driver:   27.21.14.6089
Initialize mono
Mono path[0] = 'C:/Program Files/Unity/Hub/Editor/2020.3.0f1/Editor/Data/Managed'
Mono path[1] = 'C:/Program Files/Unity/Hub/Editor/2020.3.0f1/Editor/Data/MonoBleedingEdge/lib/mono/unityjit'
Mono config path = 'C:/Program Files/Unity/Hub/Editor/2020.3.0f1/Editor/Data/MonoBleedingEdge/etc'
Using monoOptions --debugger-agent=transport=dt_socket,embedding=1,server=y,suspend=n,address=127.0.0.1:56204
Begin MonoManager ReloadAssembly
Registering precompiled unity dll's ...
Register platform support module: C:/Program Files/Unity/Hub/Editor/2020.3.0f1/Editor/Data/PlaybackEngines/WindowsStandaloneSupport/UnityEditor.WindowsStandalone.Extensions.dll
Registered in 0.002323 seconds.
Native extension for WindowsStandalone target not found
Refreshing native plugins compatible for Editor in 21.48 ms, found 0 plugins.
Preloading 0 native plugins for Editor in 0.00 ms.
Invoked RoslynAnalysisRunner static constructor.
RoslynAnalysisRunner will not be running.
RoslynAnalysisRunner has terminated.
Mono: successfully reloaded assembly
- Completed reload, in  1.155 seconds
Platform modules already initialized, skipping
Registering precompiled user dll's ...
Registered in 0.000913 seconds.
Begin MonoManager ReloadAssembly
Native extension for WindowsStandalone target not found
Refreshing native plugins compatible for Editor in 0.20 ms, found 0 plugins.
Preloading 0 native plugins for Editor in 0.00 ms.
Invoked RoslynAnalysisRunner static constructor.
RoslynAnalysisRunner will not be running.
RoslynAnalysisRunner has terminated.
Mono: successfully reloaded assembly
- Completed reload, in  0.757 seconds
Platform modules already initialized, skipping
========================================================================
Worker process is ready to serve import requests
Launched and connected shader compiler UnityShaderCompiler.exe after 0.05 seconds
Refreshing native plugins compatible for Editor in 0.21 ms, found 0 plugins.
Preloading 0 native plugins for Editor in 0.00 ms.
Unloading 1127 Unused Serialized files (Serialized files now loaded: 0)
System memory in use before: 57.4 MB.
System memory in use after: 57.5 MB.

Unloading 10 unused Assets to reduce memory usage. Loaded Objects now: 1569.
Total: 2.054600 ms (FindLiveObjects: 0.316200 ms CreateObjectMapping: 0.047100 ms MarkObjects: 1.607200 ms  DeleteObjects: 0.082500 ms)

========================================================================
Received Import Request.
  path: Assets/Prefabs/Enemy_4.prefab
  artifactKey: Guid(4e08dfa842db37d4f9d9c655d38cf3c0) Importer(815301076,1909f56bfc062723c751e8b465ee728b)
Start importing Assets/Prefabs/Enemy_4.prefab using Guid(4e08dfa842db37d4f9d9c655d38cf3c0) Importer(815301076,1909f56bfc062723c751e8b465ee728b)  -> (artifact id: '726593dfe98fa93d7e43bf240f105aef') in 0.084279 seconds
  Import took 0.118666 seconds .

========================================================================
Received Import Request.
  Time since last request: 27.449747 seconds.
  path: Assets/Prefabs/Enemy_4.prefab
  artifactKey: Guid(4e08dfa842db37d4f9d9c655d38cf3c0) Importer(815301076,1909f56bfc062723c751e8b465ee728b)
Start importing Assets/Prefabs/Enemy_4.prefab using Guid(4e08dfa842db37d4f9d9c655d38cf3c0) Importer(815301076,1909f56bfc062723c751e8b465ee728b)  -> (artifact id: '37603a211b3947e33804269f6426a0ec') in 0.012774 seconds
  Import took 0.015712 seconds .

========================================================================
Received Import Request.
  Time since last request: 0.009359 seconds.
  path: Assets/Prefabs/Enemy_4.prefab
  artifactKey: Guid(4e08dfa842db37d4f9d9c655d38cf3c0) Importer(815301076,1909f56bfc062723c751e8b465ee728b)
Start importing Assets/Prefabs/Enemy_4.prefab using Guid(4e08dfa842db37d4f9d9c655d38cf3c0) Importer(815301076,1909f56bfc062723c751e8b465ee728b)  -> (artifact id: '37603a211b3947e33804269f6426a0ec') in 0.014062 seconds
  Import took 0.016108 seconds .

========================================================================
Received Import Request.
  Time since last request: 5.526999 seconds.
  path: Assets/Prefabs/Enemy_4.prefab
  artifactKey: Guid(4e08dfa842db37d4f9d9c655d38cf3c0) Importer(815301076,1909f56bfc062723c751e8b465ee728b)
Start importing Assets/Prefabs/Enemy_4.prefab using Guid(4e08dfa842db37d4f9d9c655d38cf3c0) Importer(815301076,1909f56bfc062723c751e8b465ee728b)  -> (artifact id: '360267ec8976b45d75d5da46592320af') in 0.011067 seconds
  Import took 0.013788 seconds .

========================================================================
Received Import Request.
  Time since last request: 0.007900 seconds.
  path: Assets/Prefabs/Enemy_4.prefab
  artifactKey: Guid(4e08dfa842db37d4f9d9c655d38cf3c0) Importer(815301076,1909f56bfc062723c751e8b465ee728b)
Start importing Assets/Prefabs/Enemy_4.prefab using Guid(4e08dfa842db37d4f9d9c655d38cf3c0) Importer(815301076,1909f56bfc062723c751e8b465ee728b)  -> (artifact id: '360267ec8976b45d75d5da46592320af') in 0.013178 seconds
  Import took 0.015531 seconds .

========================================================================
Received Import Request.
  Time since last request: 51.553865 seconds.
  path: Assets/Prefabs/Enemy_4.prefab
  artifactKey: Guid(4e08dfa842db37d4f9d9c655d38cf3c0) Importer(815301076,1909f56bfc062723c751e8b465ee728b)
Start importing Assets/Prefabs/Enemy_4.prefab using Guid(4e08dfa842db37d4f9d9c655d38cf3c0) Importer(815301076,1909f56bfc062723c751e8b465ee728b)  -> (artifact id: 'af6f5f36eaf18ea93ae24662d350ecc1') in 0.020827 seconds
  Import took 0.023504 seconds .

========================================================================
Received Prepare
Registering precompiled user dll's ...
Registered in 0.000866 seconds.
Begin MonoManager ReloadAssembly
Native extension for WindowsStandalone target not found
Refreshing native plugins compatible for Editor in 0.21 ms, found 0 plugins.
Preloading 0 native plugins for Editor in 0.00 ms.
Invoked RoslynAnalysisRunner static constructor.
RoslynAnalysisRunner will not be running.
RoslynAnalysisRunner has terminated.
Mono: successfully reloaded assembly
- Completed reload, in  0.704 seconds
Platform modules already initialized, skipping
Refreshing native plugins compatible for Editor in 0.22 ms, found 0 plugins.
Preloading 0 native plugins for Editor in 0.00 ms.
Unloading 1121 Unused Serialized files (Serialized files now loaded: 0)
System memory in use before: 60.5 MB.
System memory in use after: 60.5 MB.

Unloading 6 unused Assets to reduce memory usage. Loaded Objects now: 1580.
Total: 2.647700 ms (FindLiveObjects: 0.178800 ms CreateObjectMapping: 0.052000 ms MarkObjects: 2.362500 ms  DeleteObjects: 0.052700 ms)

========================================================================
Received Import Request.
  Time since last request: 24.803405 seconds.
  path: Assets/Prefabs/Enemy_4.prefab
  artifactKey: Guid(4e08dfa842db37d4f9d9c655d38cf3c0) Importer(815301076,1909f56bfc062723c751e8b465ee728b)
Start importing Assets/Prefabs/Enemy_4.prefab using Guid(4e08dfa842db37d4f9d9c655d38cf3c0) Importer(815301076,1909f56bfc062723c751e8b465ee728b)  -> (artifact id: '2f6c59c0cd62751172e3b2c56f2cb4f0') in 0.053139 seconds
  Import took 0.091137 seconds .

========================================================================
Received Import Request.
  Time since last request: 3.328784 seconds.
  path: Assets/Prefabs/Enemy_4.prefab
  artifactKey: Guid(4e08dfa842db37d4f9d9c655d38cf3c0) Importer(815301076,1909f56bfc062723c751e8b465ee728b)
Start importing Assets/Prefabs/Enemy_4.prefab using Guid(4e08dfa842db37d4f9d9c655d38cf3c0) Importer(815301076,1909f56bfc062723c751e8b465ee728b)  -> (artifact id: '048c63a6561b844a91c9f662870cd541') in 0.014678 seconds
  Import took 0.017278 seconds .

========================================================================
Received Import Request.
  Time since last request: 4.210275 seconds.
  path: Assets/Prefabs/Enemy_4.prefab
  artifactKey: Guid(4e08dfa842db37d4f9d9c655d38cf3c0) Importer(815301076,1909f56bfc062723c751e8b465ee728b)
Start importing Assets/Prefabs/Enemy_4.prefab using Guid(4e08dfa842db37d4f9d9c655d38cf3c0) Importer(815301076,1909f56bfc062723c751e8b465ee728b)  -> (artifact id: '2bbed8b041df20f695aaaa6b826653f4') in 0.018035 seconds
  Import took 0.020550 seconds .

========================================================================
Received Import Request.
  Time since last request: 7.463670 seconds.
  path: Assets/Prefabs/Enemy_4.prefab
  artifactKey: Guid(4e08dfa842db37d4f9d9c655d38cf3c0) Importer(815301076,1909f56bfc062723c751e8b465ee728b)
Start importing Assets/Prefabs/Enemy_4.prefab using Guid(4e08dfa842db37d4f9d9c655d38cf3c0) Importer(815301076,1909f56bfc062723c751e8b465ee728b)  -> (artifact id: '614edd43566bc81758f939314c17e556') in 0.012399 seconds
  Import took 0.014717 seconds .

========================================================================
Received Import Request.
  Time since last request: 5.244970 seconds.
  path: Assets/Prefabs/Enemy_4.prefab
  artifactKey: Guid(4e08dfa842db37d4f9d9c655d38cf3c0) Importer(815301076,1909f56bfc062723c751e8b465ee728b)
Start importing Assets/Prefabs/Enemy_4.prefab using Guid(4e08dfa842db37d4f9d9c655d38cf3c0) Importer(815301076,1909f56bfc062723c751e8b465ee728b)  -> (artifact id: '4a3ed5b790cd3a67c0c3cd419a68cb01') in 0.022075 seconds
  Import took 0.024998 seconds .

========================================================================
Received Import Request.
  Time since last request: 7.435459 seconds.
  path: Assets/Prefabs/Enemy_4.prefab
  artifactKey: Guid(4e08dfa842db37d4f9d9c655d38cf3c0) Importer(815301076,1909f56bfc062723c751e8b465ee728b)
Start importing Assets/Prefabs/Enemy_4.prefab using Guid(4e08dfa842db37d4f9d9c655d38cf3c0) Importer(815301076,1909f56bfc062723c751e8b465ee728b)  -> (artifact id: '086bf18ce38f9472f6c0800b49413b1d') in 0.021367 seconds
  Import took 0.024151 seconds .

========================================================================
Received Import Request.
  Time since last request: 1.805239 seconds.
  path: Assets/Prefabs/Enemy_4.prefab
  artifactKey: Guid(4e08dfa842db37d4f9d9c655d38cf3c0) Importer(815301076,1909f56bfc062723c751e8b465ee728b)
Start importing Assets/Prefabs/Enemy_4.prefab using Guid(4e08dfa842db37d4f9d9c655d38cf3c0) Importer(815301076,1909f56bfc062723c751e8b465ee728b)  -> (artifact id: 'f292e9c20620ced7a05903e299f77cb6') in 0.009790 seconds
  Import took 0.012605 seconds .

========================================================================
Received Import Request.
  Time since last request: 12.113107 seconds.
  path: Assets/Prefabs/Enemy_4.prefab
  artifactKey: Guid(4e08dfa842db37d4f9d9c655d38cf3c0) Importer(815301076,1909f56bfc062723c751e8b465ee728b)
Start importing Assets/Prefabs/Enemy_4.prefab using Guid(4e08dfa842db37d4f9d9c655d38cf3c0) Importer(815301076,1909f56bfc062723c751e8b465ee728b)  -> (artifact id: 'b0d5a3b7ca4eb36118016a643608f5e7') in 0.012148 seconds
  Import took 0.014433 seconds .

========================================================================
Received Import Request.
  Time since last request: 7.244217 seconds.
  path: Assets/Prefabs/Enemy_4.prefab
  artifactKey: Guid(4e08dfa842db37d4f9d9c655d38cf3c0) Importer(815301076,1909f56bfc062723c751e8b465ee728b)
Start importing Assets/Prefabs/Enemy_4.prefab using Guid(4e08dfa842db37d4f9d9c655d38cf3c0) Importer(815301076,1909f56bfc062723c751e8b465ee728b)  -> (artifact id: '836d9ac176c018f7bf179dd4f5ef9006') in 0.011770 seconds
  Import took 0.014581 seconds .

========================================================================
Received Import Request.
  Time since last request: 3.754465 seconds.
  path: Assets/Prefabs/Enemy_4.prefab
  artifactKey: Guid(4e08dfa842db37d4f9d9c655d38cf3c0) Importer(815301076,1909f56bfc062723c751e8b465ee728b)
Start importing Assets/Prefabs/Enemy_4.prefab using Guid(4e08dfa842db37d4f9d9c655d38cf3c0) Importer(815301076,1909f56bfc062723c751e8b465ee728b)  -> (artifact id: '771fd88c36ced3516c0fb5760652c440') in 0.018473 seconds
  Import took 0.020894 seconds .

========================================================================
Received Prepare
Registering precompiled user dll's ...
Registered in 0.001041 seconds.
Begin MonoManager ReloadAssembly
Native extension for WindowsStandalone target not found
Refreshing native plugins compatible for Editor in 0.20 ms, found 0 plugins.
Preloading 0 native plugins for Editor in 0.00 ms.
Invoked RoslynAnalysisRunner static constructor.
RoslynAnalysisRunner will not be running.
RoslynAnalysisRunner has terminated.
Mono: successfully reloaded assembly
- Completed reload, in  0.880 seconds
Platform modules already initialized, skipping
Refreshing native plugins compatible for Editor in 0.22 ms, found 0 plugins.
Preloading 0 native plugins for Editor in 0.00 ms.
Unloading 1121 Unused Serialized files (Serialized files now loaded: 0)
System memory in use before: 60.5 MB.
System memory in use after: 60.6 MB.

Unloading 6 unused Assets to reduce memory usage. Loaded Objects now: 1584.
Total: 2.387800 ms (FindLiveObjects: 0.277400 ms CreateObjectMapping: 0.066100 ms MarkObjects: 1.984800 ms  DeleteObjects: 0.057500 ms)

AssetImportWorkerClient::OnTransportError - code=2 error=End of file
